INPUT PARAMETERS:
msa_name /data/wangd17/contact_seqs/Ntl9/NTL9_contacts.dat
out_name params.txt
folder_name NTL9
scratch_dir /data/wangd17/contact_seqs/Ntl9/
input_name none
mc_init random
lambda 0.025
myseed 1
max_iter 1000
mc_steps 10000
eps0_h 0.01
eps0_J 0.001
adaptive_stepsize_on 1
adaptive_sampling_on 1
eps_inc 1.5
eps_dec 0.6
eps_min_h 0.001
eps_max_h 2.5
eps_min_J 0.00001
eps_max_J_N 2.5
gamma 0.1
cutoff_freq 0.05
delta 0.0
symmetrize_on 0

/data/wangd17/contact_seqs/Ntl9/NTL9_contacts.dat
No. of sequences: 2317250
Sequence length: 630
2317250 sequences
random
Constructing sequence weights...
Computed weights. Meff=2.31725e+06
2317250
Checking Meff: 2.31725e+06
0
10000
20000
30000
40000
50000
60000
70000
80000
90000
100000
110000
120000
130000
140000
150000
160000
170000
180000
190000
200000
210000
220000
230000
240000
250000
260000
270000
280000
290000
300000
310000
320000
330000
340000
350000
360000
370000
380000
390000
400000
410000
420000
430000
440000
450000
460000
470000
480000
490000
500000
510000
520000
530000
540000
550000
560000
570000
580000
590000
600000
610000
620000
630000
640000
650000
660000
670000
680000
690000
700000
710000
720000
730000
740000
750000
760000
770000
780000
790000
800000
810000
820000
830000
840000
850000
860000
870000
880000
890000
900000
910000
920000
930000
940000
950000
960000
970000
980000
990000
1000000
1010000
1020000
1030000
1040000
1050000
1060000
1070000
1080000
1090000
1100000
1110000
1120000
1130000
1140000
1150000
1160000
1170000
1180000
1190000
1200000
1210000
1220000
1230000
1240000
1250000
1260000
1270000
1280000
1290000
1300000
1310000
1320000
1330000
1340000
1350000
1360000
1370000
1380000
1390000
1400000
1410000
1420000
1430000
1440000
1450000
1460000
1470000
1480000
1490000
1500000
1510000
1520000
1530000
1540000
1550000
1560000
1570000
1580000
1590000
1600000
1610000
1620000
1630000
1640000
1650000
1660000
1670000
1680000
1690000
1700000
1710000
1720000
1730000
1740000
1750000
1760000
1770000
1780000
1790000
1800000
1810000
1820000
1830000
1840000
1850000
1860000
1870000
1880000
1890000
1900000
1910000
1920000
1930000
1940000
1950000
1960000
1970000
1980000
1990000
2000000
2010000
2020000
2030000
2040000
2050000
2060000
2070000
2080000
2090000
2100000
2110000
2120000
2130000
2140000
2150000
2160000
2170000
2180000
2190000
2200000
2210000
2220000
2230000
2240000
2250000
2260000
2270000
2280000
2290000
2300000
2310000
Computed frequencies.
Fitting model.

iteration 0
Number of threads allocated = 1
Avg. energy: 137.117
RMS of dh, dJ: 0.115086 0.00469197
Max of dh, dJ: 0.282433 0.182901

iteration 1
Number of threads allocated = 1
Avg. energy: 137.499
RMS of dh, dJ: 0.114873 0.00490249
Max of dh, dJ: 0.281492 0.185366

iteration 2
Number of threads allocated = 1
Avg. energy: 137.21
RMS of dh, dJ: 0.114788 0.00494198
Max of dh, dJ: 0.280066 0.179624

iteration 3
Number of threads allocated = 1
Avg. energy: 136.887
RMS of dh, dJ: 0.11464 0.00499009
Max of dh, dJ: 0.278929 0.185

iteration 4
Number of threads allocated = 1
Avg. energy: 136.654
RMS of dh, dJ: 0.114331 0.00495837
Max of dh, dJ: 0.278724 0.172994

iteration 5
Number of threads allocated = 1
Avg. energy: 136.704
RMS of dh, dJ: 0.113747 0.00505107
Max of dh, dJ: 0.278068 0.176288

iteration 6
Number of threads allocated = 1
Avg. energy: 135.959
RMS of dh, dJ: 0.113195 0.00514584
Max of dh, dJ: 0.277537 0.183846

iteration 7
Number of threads allocated = 1
Avg. energy: 135.826
RMS of dh, dJ: 0.112098 0.00553314
Max of dh, dJ: 0.275643 0.186504

iteration 8
Number of threads allocated = 1
Avg. energy: 135.37
RMS of dh, dJ: 0.110531 0.00595976
Max of dh, dJ: 0.272919 0.17482

iteration 9
Number of threads allocated = 1
Avg. energy: 134.434
RMS of dh, dJ: 0.108286 0.00670222
Max of dh, dJ: 0.268969 0.179134

iteration 10
Number of threads allocated = 1
Avg. energy: 133.123
RMS of dh, dJ: 0.104948 0.00835058
Max of dh, dJ: 0.262924 0.182112

iteration 11
Number of threads allocated = 1
Avg. energy: 131.468
RMS of dh, dJ: 0.0998563 0.0114705
Max of dh, dJ: 0.255089 0.183072

iteration 12
Number of threads allocated = 1
Avg. energy: 126.596
RMS of dh, dJ: 0.0928562 0.0159575
Max of dh, dJ: 0.241443 0.180311

iteration 13
Number of threads allocated = 1
Avg. energy: 115.137
RMS of dh, dJ: 0.0834395 0.0215912
Max of dh, dJ: 0.220424 0.175284

iteration 14
Number of threads allocated = 1
Avg. energy: 93.7311
RMS of dh, dJ: 0.0713881 0.0290667
Max of dh, dJ: 0.1957 0.185739

iteration 15
Number of threads allocated = 1
Avg. energy: 58.8744
RMS of dh, dJ: 0.0593373 0.0359707
Max of dh, dJ: 0.157024 0.19342

iteration 16
Number of threads allocated = 1
Avg. energy: 6.27936
RMS of dh, dJ: 0.051518 0.036558
Max of dh, dJ: 0.13027 0.186163

iteration 17
Number of threads allocated = 1
Avg. energy: -54.581
RMS of dh, dJ: 0.0460336 0.0340508
Max of dh, dJ: 0.104859 0.178029

iteration 18
Number of threads allocated = 1
Avg. energy: -118.738
RMS of dh, dJ: 0.0416621 0.0303931
Max of dh, dJ: 0.0879596 0.182586

iteration 19
Number of threads allocated = 1
Avg. energy: -179.138
RMS of dh, dJ: 0.0378212 0.026863
Max of dh, dJ: 0.075888 0.17547

iteration 20
Number of threads allocated = 1
Avg. energy: -229.586
RMS of dh, dJ: 0.0339061 0.0246874
Max of dh, dJ: 0.0709527 0.181062

iteration 21
Number of threads allocated = 1
Avg. energy: -275.113
RMS of dh, dJ: 0.0304589 0.0226344
Max of dh, dJ: 0.0629312 0.177494

iteration 22
Number of threads allocated = 1
Avg. energy: -317.568
RMS of dh, dJ: 0.0275104 0.0202196
Max of dh, dJ: 0.0557557 0.174787

iteration 23
Number of threads allocated = 1
Avg. energy: -354.299
RMS of dh, dJ: 0.0244533 0.0187921
Max of dh, dJ: 0.050014 0.178505

iteration 24
Number of threads allocated = 1
Avg. energy: -389.182
RMS of dh, dJ: 0.0223212 0.0169784
Max of dh, dJ: 0.0636217 0.200361

iteration 25
Number of threads allocated = 1
Avg. energy: -417.385
RMS of dh, dJ: 0.0200386 0.0158186
Max of dh, dJ: 0.0540316 0.189333

iteration 26
Number of threads allocated = 1
Avg. energy: -441.622
RMS of dh, dJ: 0.0178718 0.0147428
Max of dh, dJ: 0.0414487 0.176989

iteration 27
Number of threads allocated = 1
Avg. energy: -462.973
RMS of dh, dJ: 0.0160888 0.0141054
Max of dh, dJ: 0.036816 0.182949

iteration 28
Number of threads allocated = 1
Avg. energy: -483.509
RMS of dh, dJ: 0.0148219 0.0127756
Max of dh, dJ: 0.0348551 0.181434

iteration 29
Number of threads allocated = 1
Avg. energy: -499.628
RMS of dh, dJ: 0.0133074 0.0121749
Max of dh, dJ: 0.0319615 0.189925

iteration 30
Number of threads allocated = 1
Avg. energy: -514.583
RMS of dh, dJ: 0.0121499 0.0112747
Max of dh, dJ: 0.0269724 0.174358

iteration 31
Number of threads allocated = 1
Avg. energy: -527.352
RMS of dh, dJ: 0.011273 0.0107025
Max of dh, dJ: 0.0271987 0.176464

iteration 32
Number of threads allocated = 1
Avg. energy: -537.995
RMS of dh, dJ: 0.0103379 0.0103113
Max of dh, dJ: 0.0261035 0.176165
Std. errors: 0.011237 0.0107209
Model difference is within sampling error. Increasing sampling...
MC steps per iteration: 20000

iteration 33
Number of threads allocated = 1
Avg. energy: -547.295
RMS of dh, dJ: 0.00910413 0.00968699
Max of dh, dJ: 0.0217176 0.174082

iteration 34
Number of threads allocated = 1
Avg. energy: -556.583
RMS of dh, dJ: 0.00846135 0.0088828
Max of dh, dJ: 0.0199378 0.175038

iteration 35
Number of threads allocated = 1
Avg. energy: -563.73
RMS of dh, dJ: 0.00785418 0.00856412
Max of dh, dJ: 0.0183735 0.179622

iteration 36
Number of threads allocated = 1
Avg. energy: -570.435
RMS of dh, dJ: 0.00757705 0.00797502
Max of dh, dJ: 0.0178621 0.17562

iteration 37
Number of threads allocated = 1
Avg. energy: -574.465
RMS of dh, dJ: 0.0066872 0.00786986
Max of dh, dJ: 0.0166694 0.170883

iteration 38
Number of threads allocated = 1
Avg. energy: -579.338
RMS of dh, dJ: 0.00662686 0.00750259
Max of dh, dJ: 0.0208832 0.171487

iteration 39
Number of threads allocated = 1
Avg. energy: -582.419
RMS of dh, dJ: 0.00604976 0.00732519
Max of dh, dJ: 0.0164581 0.171817
Std. errors: 0.00787622 0.00752554
Model difference is within sampling error. Increasing sampling...
MC steps per iteration: 40000

iteration 40
Number of threads allocated = 1
Avg. energy: -586.09
RMS of dh, dJ: 0.0056867 0.00672684
Max of dh, dJ: 0.0147489 0.177771

iteration 41
Number of threads allocated = 1
Avg. energy: -588.082
RMS of dh, dJ: 0.00511668 0.00652525
Max of dh, dJ: 0.0141398 0.171879

iteration 42
Number of threads allocated = 1
Avg. energy: -590.373
RMS of dh, dJ: 0.00485804 0.00617304
Max of dh, dJ: 0.0121309 0.168846

iteration 43
Number of threads allocated = 1
Avg. energy: -591.687
RMS of dh, dJ: 0.00449815 0.00603873
Max of dh, dJ: 0.0109484 0.17051

iteration 44
Number of threads allocated = 1
Avg. energy: -592.884
RMS of dh, dJ: 0.00424127 0.00593828
Max of dh, dJ: 0.0132756 0.168235

iteration 45
Number of threads allocated = 1
Avg. energy: -594.257
RMS of dh, dJ: 0.0040546 0.00566964
Max of dh, dJ: 0.0108919 0.168479

iteration 46
Number of threads allocated = 1
Avg. energy: -594.992
RMS of dh, dJ: 0.00379903 0.00557093
Max of dh, dJ: 0.0130906 0.168727

iteration 47
Number of threads allocated = 1
Avg. energy: -595.803
RMS of dh, dJ: 0.00366764 0.0055255
Max of dh, dJ: 0.0159689 0.165909

iteration 48
Number of threads allocated = 1
Avg. energy: -597.266
RMS of dh, dJ: 0.00356678 0.00522469
Max of dh, dJ: 0.01146 0.167478

iteration 49
Number of threads allocated = 1
Avg. energy: -597.677
RMS of dh, dJ: 0.00340175 0.00515267
Max of dh, dJ: 0.0135054 0.172585
Std. errors: 0.0054405 0.00520692
Model difference is within sampling error. Increasing sampling...
MC steps per iteration: 80000

iteration 50
Number of threads allocated = 1
Avg. energy: -598.767
RMS of dh, dJ: 0.00317716 0.00482454
Max of dh, dJ: 0.00952222 0.168126

iteration 51
Number of threads allocated = 1
Avg. energy: -598.705
RMS of dh, dJ: 0.00280626 0.00477955
Max of dh, dJ: 0.00925248 0.166012

iteration 52
Number of threads allocated = 1
Avg. energy: -599.493
RMS of dh, dJ: 0.0027175 0.00460412
Max of dh, dJ: 0.00974567 0.163553

iteration 53
Number of threads allocated = 1
Avg. energy: -599.63
RMS of dh, dJ: 0.00257423 0.00459201
Max of dh, dJ: 0.00979902 0.168522

iteration 54
Number of threads allocated = 1
Avg. energy: -600.062
RMS of dh, dJ: 0.00249708 0.0044821
Max of dh, dJ: 0.00836893 0.165732

iteration 55
Number of threads allocated = 1
Avg. energy: -600.425
RMS of dh, dJ: 0.00231874 0.00437993
Max of dh, dJ: 0.00786811 0.163862

iteration 56
Number of threads allocated = 1
Avg. energy: -600.805
RMS of dh, dJ: 0.00233266 0.00430686
Max of dh, dJ: 0.00721381 0.165433

iteration 57
