INPUT PARAMETERS:
msa_name msa/msa_g.fas
out_name g_params.txt
folder_name g
scratch_dir /data/frechettelb/protein_evolution/dwdca/data/
input_name none
lambda 0.1
myseed 1
max_iter 1000
mc_steps 10000
mc_init random
eps0_h 0.01
eps0_J 0.001
adaptive_stepsize_on 1
adaptive_sampling_on 1
eps_inc 1.5
eps_dec 0.6
eps_min_h 0.001
eps_max_h 2.5
eps_min_J 0.00001
eps_max_J_N 2.5
gamma 0.1
cutoff_freq 0.05
delta 0.2
nwell 2
param_init random
symmetrize_on 0
verbose 0
nrep 1
Tmix 1
reg_type 2

msa/msa_g.fas
No. of sequences: 1911
Sequence length: 56
1911 sequences
Tmix: 1
random
/data/frechettelb/protein_evolution/dwDCA/data/g/param_init=random_lambda=0.100000_as_al_gamma=0.100000_cutoff_freq=0.050000/
Constructing sequence weights...
Computed weights. Meff=1458.34
1911
Checking Meff: 1458.34
random
Fitting model.

iteration 0
Number of threads allocated = 1
Avg. energy: -388.586
RMS of dh1, dJ1: 0.315446 0.235105
Max of dh1, dJ1: 1.39134 1.39711
RMS of dh2, dJ2: 0.240824 0.231083
Max of dh2, dJ2: 0.736971 0.704122

iteration 1
Number of threads allocated = 1
Avg. energy: -382.492
RMS of dh1, dJ1: 0.233513 0.230829
Max of dh1, dJ1: 0.561925 0.598921
RMS of dh2, dJ2: 0.31194 0.234479
Max of dh2, dJ2: 1.37056 1.37298

iteration 2
Number of threads allocated = 1
Avg. energy: -377.234
RMS of dh1, dJ1: 0.300537 0.233915
Max of dh1, dJ1: 1.35504 1.38934
RMS of dh2, dJ2: 0.238717 0.230885
Max of dh2, dJ2: 0.73008 0.704645

iteration 3
Number of threads allocated = 1
Avg. energy: -374.216
RMS of dh1, dJ1: 0.295954 0.233402
Max of dh1, dJ1: 1.34766 1.36655
RMS of dh2, dJ2: 0.236999 0.230729
Max of dh2, dJ2: 0.723871 0.705143

iteration 4
Number of threads allocated = 1
Avg. energy: -371.745
RMS of dh1, dJ1: 0.228386 0.230331
Max of dh1, dJ1: 0.542878 0.595137
RMS of dh2, dJ2: 0.2743 0.232308
Max of dh2, dJ2: 1.16413 1.20983

iteration 5
Number of threads allocated = 1
Avg. energy: -377.135
RMS of dh1, dJ1: 0.277951 0.232115
Max of dh1, dJ1: 1.31265 1.35811
RMS of dh2, dJ2: 0.230796 0.230146
Max of dh2, dJ2: 0.700253 0.706097

iteration 6
Number of threads allocated = 1
Avg. energy: -383.053
RMS of dh1, dJ1: 0.219788 0.229455
Max of dh1, dJ1: 0.510479 0.588656
RMS of dh2, dJ2: 0.2965 0.233267
Max of dh2, dJ2: 1.30113 1.38971

iteration 7
Number of threads allocated = 1
Avg. energy: -374.158
RMS of dh1, dJ1: 0.212523 0.228671
Max of dh1, dJ1: 0.484068 0.584188
RMS of dh2, dJ2: 0.285229 0.231659
Max of dh2, dJ2: 1.31255 1.38709

iteration 8
Number of threads allocated = 1
Avg. energy: -376.674
RMS of dh1, dJ1: 0.266871 0.230246
Max of dh1, dJ1: 1.3462 1.34091
RMS of dh2, dJ2: 0.206843 0.227673
Max of dh2, dJ2: 0.60545 0.710387

iteration 9
Number of threads allocated = 1
Avg. energy: -383.662
RMS of dh1, dJ1: 0.188425 0.225756
Max of dh1, dJ1: 0.465215 0.560502
RMS of dh2, dJ2: 0.264315 0.2292
Max of dh2, dJ2: 1.2392 1.3827

iteration 10
Number of threads allocated = 1
Avg. energy: -373.756
RMS of dh1, dJ1: 0.169819 0.223172
Max of dh1, dJ1: 0.459684 0.544065
RMS of dh2, dJ2: 0.240116 0.226247
Max of dh2, dJ2: 1.24795 1.3291

iteration 11
Number of threads allocated = 1
Avg. energy: -372.398
RMS of dh1, dJ1: 0.22063 0.222263
Max of dh1, dJ1: 1.22422 1.37424
RMS of dh2, dJ2: 0.151006 0.22011
Max of dh2, dJ2: 0.459109 0.721276

iteration 12
Number of threads allocated = 1
Avg. energy: -375.767
RMS of dh1, dJ1: 0.23167 0.219961
Max of dh1, dJ1: 1.16339 1.37192
RMS of dh2, dJ2: 0.124313 0.216348
Max of dh2, dJ2: 0.458063 0.747358

iteration 13
Number of threads allocated = 1
Avg. energy: -353.628
RMS of dh1, dJ1: 0.202575 0.214748
Max of dh1, dJ1: 1.14458 1.33788
RMS of dh2, dJ2: 0.0987365 0.21216
Max of dh2, dJ2: 0.447677 0.780912

iteration 14
Number of threads allocated = 1
Avg. energy: -364.197
RMS of dh1, dJ1: 0.105187 0.207647
Max of dh1, dJ1: 0.719837 0.384714
RMS of dh2, dJ2: 0.196965 0.211768
Max of dh2, dJ2: 1.08204 1.34637

iteration 15
Number of threads allocated = 1
Avg. energy: -345.346
RMS of dh1, dJ1: 0.0749031 0.203522
Max of dh1, dJ1: 0.453096 0.377295
RMS of dh2, dJ2: 0.221543 0.207162
Max of dh2, dJ2: 1.02111 1.33002

iteration 16
Number of threads allocated = 1
Avg. energy: -336.405
RMS of dh1, dJ1: 0.171883 0.202557
Max of dh1, dJ1: 1.00496 1.33895
RMS of dh2, dJ2: 0.149843 0.199794
Max of dh2, dJ2: 0.973224 0.779909

iteration 17
Number of threads allocated = 1
Avg. energy: -330.693
RMS of dh1, dJ1: 0.131673 0.1955
Max of dh1, dJ1: 1.00128 0.361718
RMS of dh2, dJ2: 0.144841 0.197575
Max of dh2, dJ2: 0.952046 1.25168

iteration 18
Number of threads allocated = 1
Avg. energy: -320.994
RMS of dh1, dJ1: 0.0500607 0.191612
Max of dh1, dJ1: 0.357445 0.354613
RMS of dh2, dJ2: 0.154827 0.193941
Max of dh2, dJ2: 0.932255 1.13175

iteration 19
Number of threads allocated = 1
Avg. energy: -309.151
RMS of dh1, dJ1: 0.167575 0.190774
Max of dh1, dJ1: 1.00162 1.31205
RMS of dh2, dJ2: 0.108196 0.188112
Max of dh2, dJ2: 0.758305 0.749346

iteration 20
Number of threads allocated = 1
Avg. energy: -303.472
RMS of dh1, dJ1: 0.138626 0.184056
Max of dh1, dJ1: 0.999029 0.340292
RMS of dh2, dJ2: 0.134405 0.186179
Max of dh2, dJ2: 0.98952 1.29483

iteration 21
Number of threads allocated = 1
Avg. energy: -301.221
RMS of dh1, dJ1: 0.0771551 0.180396
Max of dh1, dJ1: 0.499676 0.333525
RMS of dh2, dJ2: 0.146093 0.182368
Max of dh2, dJ2: 0.987155 1.10644

iteration 22
Number of threads allocated = 1
Avg. energy: -281.678
RMS of dh1, dJ1: 0.145375 0.178927
Max of dh1, dJ1: 0.956188 1.20387
RMS of dh2, dJ2: 0.0955212 0.177093
Max of dh2, dJ2: 0.647501 0.710381

iteration 23
Number of threads allocated = 1
Avg. energy: -294.211
RMS of dh1, dJ1: 0.105157 0.173279
Max of dh1, dJ1: 0.890381 0.320392
RMS of dh2, dJ2: 0.170861 0.176803
Max of dh2, dJ2: 0.990924 1.27899

iteration 24
Number of threads allocated = 1
Avg. energy: -269.372
RMS of dh1, dJ1: 0.134912 0.171914
Max of dh1, dJ1: 0.810111 1.0049
RMS of dh2, dJ2: 0.102102 0.170108
Max of dh2, dJ2: 0.966598 0.683974

iteration 25
Number of threads allocated = 1
Avg. energy: -279.683
RMS of dh1, dJ1: 0.0968588 0.16644
Max of dh1, dJ1: 0.806534 0.30808
RMS of dh2, dJ2: 0.127008 0.168111
Max of dh2, dJ2: 0.884075 1.09041

iteration 26
Number of threads allocated = 1
Avg. energy: -269.626
RMS of dh1, dJ1: 0.0566939 0.163129
Max of dh1, dJ1: 0.403448 0.301984
RMS of dh2, dJ2: 0.146178 0.165507
Max of dh2, dJ2: 0.932285 1.17774

iteration 27
Number of threads allocated = 1
Avg. energy: -235.206
RMS of dh1, dJ1: 0.073002 0.160962
Max of dh1, dJ1: 0.441438 0.556212
RMS of dh2, dJ2: 0.100826 0.160144
Max of dh2, dJ2: 0.682521 0.657003

iteration 28
Number of threads allocated = 1
Avg. energy: -251.937
RMS of dh1, dJ1: 0.0456128 0.156693
Max of dh1, dJ1: 0.20334 0.29022
RMS of dh2, dJ2: 0.083653 0.15784
Max of dh2, dJ2: 0.567927 0.638809

iteration 29
Number of threads allocated = 1
Avg. energy: -218.291
RMS of dh1, dJ1: 0.0595451 0.154573
Max of dh1, dJ1: 0.389228 0.46118
RMS of dh2, dJ2: 0.0733658 0.153834
Max of dh2, dJ2: 0.476883 0.65231

iteration 30
Number of threads allocated = 1
Avg. energy: -242.603
RMS of dh1, dJ1: 0.0388053 0.150506
Max of dh1, dJ1: 0.215175 0.278832
RMS of dh2, dJ2: 0.0843691 0.1517
Max of dh2, dJ2: 0.675948 0.85341

iteration 31
Number of threads allocated = 1
Avg. energy: -201.134
RMS of dh1, dJ1: 0.0494003 0.148434
Max of dh1, dJ1: 0.272733 0.396625
RMS of dh2, dJ2: 0.0630235 0.147774
Max of dh2, dJ2: 0.422778 0.647532

iteration 32
Number of threads allocated = 1
Avg. energy: -234.286
RMS of dh1, dJ1: 0.0327737 0.144564
Max of dh1, dJ1: 0.156526 0.267859
RMS of dh2, dJ2: 0.0861159 0.145723
Max of dh2, dJ2: 0.675776 0.721367

iteration 33
Number of threads allocated = 1
Avg. energy: -189.511
RMS of dh1, dJ1: 0.0445718 0.142587
Max of dh1, dJ1: 0.198514 0.357358
RMS of dh2, dJ2: 0.0618443 0.141955
Max of dh2, dJ2: 0.51896 0.645342

iteration 34
Number of threads allocated = 1
Avg. energy: -227.827
RMS of dh1, dJ1: 0.0310293 0.138856
Max of dh1, dJ1: 0.191992 0.257371
RMS of dh2, dJ2: 0.10053 0.140199
Max of dh2, dJ2: 0.72019 0.829835

iteration 35
Number of threads allocated = 1
Avg. energy: -209.495
RMS of dh1, dJ1: 0.0266159 0.136093
Max of dh1, dJ1: 0.0945075 0.252259
RMS of dh2, dJ2: 0.0653249 0.13698
Max of dh2, dJ2: 0.503022 0.660168

iteration 36
Number of threads allocated = 1
Avg. energy: -204.034
RMS of dh1, dJ1: 0.0239992 0.133386
Max of dh1, dJ1: 0.0901884 0.247243
RMS of dh2, dJ2: 0.0580709 0.134189
Max of dh2, dJ2: 0.540408 0.606159

iteration 37
Number of threads allocated = 1
Avg. energy: -198.11
RMS of dh1, dJ1: 0.0217129 0.130734
Max of dh1, dJ1: 0.0841803 0.242327
RMS of dh2, dJ2: 0.0563856 0.131467
Max of dh2, dJ2: 0.558413 0.602464

iteration 38
Number of threads allocated = 1
Avg. energy: -192.125
RMS of dh1, dJ1: 0.0196163 0.128134
Max of dh1, dJ1: 0.0786494 0.237508
RMS of dh2, dJ2: 0.0575728 0.128865
Max of dh2, dJ2: 0.540517 0.535939

iteration 39
Number of threads allocated = 1
Avg. energy: -193.127
RMS of dh1, dJ1: 0.0175532 0.125586
Max of dh1, dJ1: 0.0760658 0.232785
RMS of dh2, dJ2: 0.0731119 0.126465
Max of dh2, dJ2: 0.55321 0.637103

iteration 40
Number of threads allocated = 1
Avg. energy: -185.266
RMS of dh1, dJ1: 0.0154625 0.123089
Max of dh1, dJ1: 0.0723147 0.228155
RMS of dh2, dJ2: 0.0652871 0.123834
Max of dh2, dJ2: 0.571651 0.618104

iteration 41
Number of threads allocated = 1
Avg. energy: -176.217
RMS of dh1, dJ1: 0.0134357 0.120641
Max of dh1, dJ1: 0.066959 0.223618
RMS of dh2, dJ2: 0.0462177 0.121251
Max of dh2, dJ2: 0.510478 0.491317

iteration 42
Number of threads allocated = 1
Avg. energy: -134.511
RMS of dh1, dJ1: 0.0475082 0.118969
Max of dh1, dJ1: 0.174923 0.255326
RMS of dh2, dJ2: 0.0694782 0.118493
Max of dh2, dJ2: 0.485131 0.639677

iteration 43
Number of threads allocated = 1
Avg. energy: -125.63
RMS of dh1, dJ1: 0.0311826 0.116588
Max of dh1, dJ1: 0.144475 0.240265
RMS of dh2, dJ2: 0.0619386 0.116143
Max of dh2, dJ2: 0.457706 0.639198

iteration 44
Number of threads allocated = 1
Avg. energy: -120.359
RMS of dh1, dJ1: 0.0268896 0.114259
Max of dh1, dJ1: 0.12569 0.244004
RMS of dh2, dJ2: 0.0573732 0.113839
Max of dh2, dJ2: 0.43821 0.638868

iteration 45
Number of threads allocated = 1
Avg. energy: -201.433
RMS of dh1, dJ1: 0.0406137 0.11129
Max of dh1, dJ1: 0.121008 0.206427
RMS of dh2, dJ2: 0.117416 0.113131
Max of dh2, dJ2: 0.75782 0.894512

iteration 46
Number of threads allocated = 1
Avg. energy: -188.486
RMS of dh1, dJ1: 0.0226733 0.109075
Max of dh1, dJ1: 0.0732686 0.202325
RMS of dh2, dJ2: 0.11732 0.110762
Max of dh2, dJ2: 0.826007 0.879459

iteration 47
Number of threads allocated = 1
Avg. energy: -109.807
RMS of dh1, dJ1: 0.0422737 0.107566
Max of dh1, dJ1: 0.1315 0.216079
RMS of dh2, dJ2: 0.074753 0.107214
Max of dh2, dJ2: 0.539993 0.638401

iteration 48
Number of threads allocated = 1
Avg. energy: -161.084
RMS of dh1, dJ1: 0.0368243 0.104769
Max of dh1, dJ1: 0.125756 0.194378
RMS of dh2, dJ2: 0.0527061 0.10533
Max of dh2, dJ2: 0.542745 0.511983

iteration 49
Number of threads allocated = 1
Avg. energy: -159.728
RMS of dh1, dJ1: 0.0246392 0.102685
Max of dh1, dJ1: 0.0638459 0.190515
RMS of dh2, dJ2: 0.0519555 0.103252
Max of dh2, dJ2: 0.526364 0.558175

iteration 50
Number of threads allocated = 1
Avg. energy: -156.693
RMS of dh1, dJ1: 0.0192763 0.100643
Max of dh1, dJ1: 0.0584306 0.186726
RMS of dh2, dJ2: 0.0452598 0.101153
Max of dh2, dJ2: 0.51213 0.513424

iteration 51
Number of threads allocated = 1
Avg. energy: -155.21
RMS of dh1, dJ1: 0.015349 0.0986411
Max of dh1, dJ1: 0.0566621 0.183013
RMS of dh2, dJ2: 0.0532551 0.0992863
Max of dh2, dJ2: 0.485614 0.624377

iteration 52
Number of threads allocated = 1
Avg. energy: -90.1556
RMS of dh1, dJ1: 0.0428066 0.0972795
Max of dh1, dJ1: 0.146505 0.190931
RMS of dh2, dJ2: 0.0757283 0.0970197
Max of dh2, dJ2: 0.5581 0.637916

iteration 53
Number of threads allocated = 1
Avg. energy: -157.344
RMS of dh1, dJ1: 0.0373101 0.094747
Max of dh1, dJ1: 0.145568 0.175824
RMS of dh2, dJ2: 0.0858325 0.0958295
Max of dh2, dJ2: 0.773697 0.779479

iteration 54
Number of threads allocated = 1
Avg. energy: -81.6744
RMS of dh1, dJ1: 0.0291557 0.093443
Max of dh1, dJ1: 0.105027 0.181737
RMS of dh2, dJ2: 0.0680874 0.0932194
Max of dh2, dJ2: 0.521245 0.636854

iteration 55
Number of threads allocated = 1
Avg. energy: -180.615
RMS of dh1, dJ1: 0.0270348 0.0910055
Max of dh1, dJ1: 0.0785936 0.168965
RMS of dh2, dJ2: 0.120938 0.0934474
Max of dh2, dJ2: 0.766516 0.882454

iteration 56
Number of threads allocated = 1
Avg. energy: -148.32
RMS of dh1, dJ1: 0.02362 0.0891948
Max of dh1, dJ1: 0.0622013 0.165612
RMS of dh2, dJ2: 0.0932743 0.0904063
Max of dh2, dJ2: 0.813265 0.814125

iteration 57
Number of threads allocated = 1
Avg. energy: -138.713
RMS of dh1, dJ1: 0.0214778 0.0874209
Max of dh1, dJ1: 0.0525008 0.162319
RMS of dh2, dJ2: 0.0603001 0.0880653
Max of dh2, dJ2: 0.575689 0.623585

iteration 58
Number of threads allocated = 1
Avg. energy: -69.9901
RMS of dh1, dJ1: 0.032142 0.0862254
Max of dh1, dJ1: 0.0879636 0.166749
RMS of dh2, dJ2: 0.0747029 0.0860859
Max of dh2, dJ2: 0.529932 0.636022

iteration 59
Number of threads allocated = 1
Avg. energy: -144.737
RMS of dh1, dJ1: 0.023858 0.0839697
Max of dh1, dJ1: 0.0524433 0.155947
RMS of dh2, dJ2: 0.0540958 0.084574
Max of dh2, dJ2: 0.482685 0.585987

iteration 60
Number of threads allocated = 1
Avg. energy: -135.257
RMS of dh1, dJ1: 0.0217834 0.0822989
Max of dh1, dJ1: 0.0489739 0.152848
RMS of dh2, dJ2: 0.0474159 0.0827885
Max of dh2, dJ2: 0.477444 0.528423

iteration 61
Number of threads allocated = 1
Avg. energy: -136.798
RMS of dh1, dJ1: 0.0202949 0.0806623
Max of dh1, dJ1: 0.048602 0.149809
RMS of dh2, dJ2: 0.045995 0.0811676
Max of dh2, dJ2: 0.475699 0.599195

iteration 62
Number of threads allocated = 1
Avg. energy: -134.817
RMS of dh1, dJ1: 0.01849 0.0790582
Max of dh1, dJ1: 0.0480819 0.14683
RMS of dh2, dJ2: 0.0438991 0.0795234
Max of dh2, dJ2: 0.464593 0.507117

iteration 63
Number of threads allocated = 1
Avg. energy: -130.913
RMS of dh1, dJ1: 0.016308 0.077486
Max of dh1, dJ1: 0.0473133 0.14391
RMS of dh2, dJ2: 0.0609313 0.0781827
Max of dh2, dJ2: 0.575741 0.647317

iteration 64
Number of threads allocated = 1
Avg. energy: -134.691
RMS of dh1, dJ1: 0.0139262 0.0759451
Max of dh1, dJ1: 0.0461788 0.141048
RMS of dh2, dJ2: 0.0699776 0.0769755
Max of dh2, dJ2: 0.586313 0.751618

iteration 65
Number of threads allocated = 1
Avg. energy: -124.623
RMS of dh1, dJ1: 0.0116744 0.0744349
Max of dh1, dJ1: 0.0445168 0.138243
RMS of dh2, dJ2: 0.052968 0.0749913
Max of dh2, dJ2: 0.53866 0.571315

iteration 66
Number of threads allocated = 1
Avg. energy: -120.826
RMS of dh1, dJ1: 0.00972782 0.0729547
Max of dh1, dJ1: 0.0424863 0.135494
RMS of dh2, dJ2: 0.0341165 0.0733425
Max of dh2, dJ2: 0.386409 0.497973

iteration 67
Number of threads allocated = 1
Avg. energy: -114.892
RMS of dh1, dJ1: 0.00788915 0.0715039
Max of dh1, dJ1: 0.0405211 0.132799
RMS of dh2, dJ2: 0.0490839 0.0720278
Max of dh2, dJ2: 0.536539 0.565039

iteration 68
Number of threads allocated = 1
Avg. energy: -118.946
RMS of dh1, dJ1: 0.00611748 0.070082
Max of dh1, dJ1: 0.0377065 0.130159
RMS of dh2, dJ2: 0.072137 0.0712136
Max of dh2, dJ2: 0.652319 0.813633

iteration 69
Number of threads allocated = 1
Avg. energy: -114.504
RMS of dh1, dJ1: 0.00462285 0.0686883
Max of dh1, dJ1: 0.0337707 0.12757
RMS of dh2, dJ2: 0.0840227 0.0698968
Max of dh2, dJ2: 0.823516 0.820219

iteration 70
Number of threads allocated = 1
Avg. energy: -105.771
RMS of dh1, dJ1: 0.00346896 0.0673224
Max of dh1, dJ1: 0.0285421 0.125033
RMS of dh2, dJ2: 0.0249374 0.0676496
Max of dh2, dJ2: 0.30644 0.45043

iteration 71
Number of threads allocated = 1
Avg. energy: -101.171
RMS of dh1, dJ1: 0.00249944 0.0659836
Max of dh1, dJ1: 0.023557 0.122547
RMS of dh2, dJ2: 0.0617818 0.0667475
Max of dh2, dJ2: 0.712271 0.723641

iteration 72
Number of threads allocated = 1
Avg. energy: -105.111
RMS of dh1, dJ1: 0.00158099 0.0646714
Max of dh1, dJ1: 0.0173509 0.12011
RMS of dh2, dJ2: 0.0435425 0.0652462
Max of dh2, dJ2: 0.42274 0.567622

iteration 73
Number of threads allocated = 1
Avg. energy: -101.909
RMS of dh1, dJ1: 0.000829681 0.0633854
Max of dh1, dJ1: 0.014508 0.117721
RMS of dh2, dJ2: 0.0349093 0.0638368
Max of dh2, dJ2: 0.380178 0.523927

iteration 74
Number of threads allocated = 1
Avg. energy: -101.789
RMS of dh1, dJ1: 0.000440087 0.0621249
Max of dh1, dJ1: 0.0112648 0.11538
RMS of dh2, dJ2: 0.0258511 0.062476
Max of dh2, dJ2: 0.304909 0.443495

iteration 75
Number of threads allocated = 1
Avg. energy: -96.5935
RMS of dh1, dJ1: 0.000270821 0.0608894
Max of dh1, dJ1: 0.00745758 0.113086
RMS of dh2, dJ2: 0.0652607 0.0617327
Max of dh2, dJ2: 0.716241 0.692528

iteration 76
Number of threads allocated = 1
Avg. energy: -99.5831
RMS of dh1, dJ1: 0.000130923 0.0596786
Max of dh1, dJ1: 0.00361819 0.110837
RMS of dh2, dJ2: 0.0582796 0.0605111
Max of dh2, dJ2: 0.505472 0.638594

iteration 77
Number of threads allocated = 1
Avg. energy: -91.5999
RMS of dh1, dJ1: 2.5768e-05 0.0584918
Max of dh1, dJ1: 0.000717195 0.108633
RMS of dh2, dJ2: 0.0505044 0.059074
Max of dh2, dJ2: 0.593548 0.608641

iteration 78
Number of threads allocated = 1
Avg. energy: -95.2904
RMS of dh1, dJ1: 1.04811e-05 0.0573286
Max of dh1, dJ1: 0.0002901 0.106473
RMS of dh2, dJ2: 0.0376984 0.0578053
Max of dh2, dJ2: 0.401537 0.541108

iteration 79
Number of threads allocated = 1
Avg. energy: -90.8113
RMS of dh1, dJ1: 3.65146e-06 0.0561886
Max of dh1, dJ1: 0.000100729 0.104355
RMS of dh2, dJ2: 0.0195939 0.0564391
Max of dh2, dJ2: 0.302567 0.346061

iteration 80
Number of threads allocated = 1
Avg. energy: -89.9258
RMS of dh1, dJ1: 7.74803e-07 0.0550712
Max of dh1, dJ1: 2.13547e-05 0.10228
RMS of dh2, dJ2: 0.0240084 0.0553716
Max of dh2, dJ2: 0.26029 0.388215

iteration 81
Number of threads allocated = 1
Avg. energy: -87.3745
RMS of dh1, dJ1: 2.15777e-07 0.0539761
Max of dh1, dJ1: 5.802e-06 0.100246
RMS of dh2, dJ2: 0.030615 0.0543522
Max of dh2, dJ2: 0.338025 0.451914

iteration 82
Number of threads allocated = 1
Avg. energy: -85.0567
RMS of dh1, dJ1: 1.00391e-07 0.0529027
Max of dh1, dJ1: 2.71567e-06 0.0982527
RMS of dh2, dJ2: 0.0285068 0.0532028
Max of dh2, dJ2: 0.420289 0.430523

iteration 83
Number of threads allocated = 1
Avg. energy: -84.4123
RMS of dh1, dJ1: 2.79985e-08 0.0518507
Max of dh1, dJ1: 7.7764e-07 0.0962989
RMS of dh2, dJ2: 0.0242347 0.0521185
Max of dh2, dJ2: 0.383641 0.40389

iteration 84
Number of threads allocated = 1
Avg. energy: -88.1813
RMS of dh1, dJ1: 4.98147e-09 0.0508196
Max of dh1, dJ1: 1.16039e-07 0.0943838
RMS of dh2, dJ2: 0.0551839 0.0516518
Max of dh2, dJ2: 0.531203 0.650349

iteration 85
Number of threads allocated = 1
Avg. energy: -81.9285
RMS of dh1, dJ1: 3.39979e-09 0.049809
Max of dh1, dJ1: 8.9368e-08 0.0925069
RMS of dh2, dJ2: 0.0660936 0.0507728
Max of dh2, dJ2: 0.710119 0.72899

iteration 86
Number of threads allocated = 1
Avg. energy: -85.0937
RMS of dh1, dJ1: 1.37467e-09 0.0488185
Max of dh1, dJ1: 3.308e-08 0.0906673
RMS of dh2, dJ2: 0.0572548 0.0497158
Max of dh2, dJ2: 0.526405 0.603279

iteration 87
Number of threads allocated = 1
Avg. energy: -75.7252
RMS of dh1, dJ1: 1.19093e-08 0.0478476
Max of dh1, dJ1: 5.71167e-08 0.0888643
RMS of dh2, dJ2: 0.0193387 0.0480793
Max of dh2, dJ2: 0.201161 0.318905

iteration 88
Number of threads allocated = 1
Avg. energy: -79.9839
RMS of dh1, dJ1: 9.71231e-09 0.0468961
Max of dh1, dJ1: 5.58156e-08 0.0870971
RMS of dh2, dJ2: 0.0363107 0.047287
Max of dh2, dJ2: 0.481427 0.494092

iteration 89
Number of threads allocated = 1
Avg. energy: -77.4354
RMS of dh1, dJ1: 0.00100144 0.0459686
Max of dh1, dJ1: 0.00459991 0.0853651
RMS of dh2, dJ2: 0.0325004 0.0463077
Max of dh2, dJ2: 0.438621 0.458035

iteration 90
Number of threads allocated = 1
Avg. energy: -76.3884
RMS of dh1, dJ1: 0.000660505 0.0450494
Max of dh1, dJ1: 0.00359559 0.0836675
RMS of dh2, dJ2: 0.0277026 0.0453807
Max of dh2, dJ2: 0.290156 0.389863

iteration 91
Number of threads allocated = 1
Avg. energy: -76.6266
RMS of dh1, dJ1: 0.000370036 0.0441536
Max of dh1, dJ1: 0.00180596 0.0820037
RMS of dh2, dJ2: 0.0541399 0.0448992
Max of dh2, dJ2: 0.609514 0.631121

iteration 92
Number of threads allocated = 1
Avg. energy: -83.6845
RMS of dh1, dJ1: 0.000263797 0.0432755
Max of dh1, dJ1: 0.00144842 0.080373
RMS of dh2, dJ2: 0.0611702 0.0443666
Max of dh2, dJ2: 0.587295 0.683337

iteration 93
Number of threads allocated = 1
Avg. energy: -75.9176
RMS of dh1, dJ1: 0.000171088 0.0424149
Max of dh1, dJ1: 0.00103242 0.0787747
RMS of dh2, dJ2: 0.0296207 0.0427362
Max of dh2, dJ2: 0.392683 0.425515

iteration 94
Number of threads allocated = 1
Avg. energy: -78.018
RMS of dh1, dJ1: 9.53361e-05 0.0415715
Max of dh1, dJ1: 0.000584394 0.0772082
RMS of dh2, dJ2: 0.0241773 0.041829
Max of dh2, dJ2: 0.355221 0.397677

iteration 95
Number of threads allocated = 1
Avg. energy: -74.4106
RMS of dh1, dJ1: 4.68939e-05 0.0407448
Max of dh1, dJ1: 0.000292686 0.0756728
RMS of dh2, dJ2: 0.0272368 0.0410304
Max of dh2, dJ2: 0.381501 0.429257

iteration 96
Number of threads allocated = 1
Avg. energy: -72.6718
RMS of dh1, dJ1: 2.34454e-05 0.0399345
Max of dh1, dJ1: 0.000173407 0.0741679
RMS of dh2, dJ2: 0.034662 0.0403906
Max of dh2, dJ2: 0.356385 0.444689

iteration 97
Number of threads allocated = 1
Avg. energy: -71.7746
RMS of dh1, dJ1: 1.01908e-05 0.0391404
Max of dh1, dJ1: 8.225e-05 0.072693
RMS of dh2, dJ2: 0.0521767 0.0399322
Max of dh2, dJ2: 0.565334 0.599122

iteration 98
Number of threads allocated = 1
Avg. energy: -67.9693
RMS of dh1, dJ1: 3.3643e-06 0.038362
Max of dh1, dJ1: 3.32972e-05 0.0712475
RMS of dh2, dJ2: 0.0357134 0.0387762
Max of dh2, dJ2: 0.457861 0.495218

iteration 99
Number of threads allocated = 1
Avg. energy: -72.5015
RMS of dh1, dJ1: 7.62548e-05 0.0375993
Max of dh1, dJ1: 0.00050012 0.0698306
RMS of dh2, dJ2: 0.0222663 0.0378658
Max of dh2, dJ2: 0.266283 0.342681

iteration 100
Number of threads allocated = 1
Avg. energy: -70.5362
RMS of dh1, dJ1: 6.61159e-05 0.0368515
Max of dh1, dJ1: 0.000498998 0.068442
RMS of dh2, dJ2: 0.0161248 0.0370246
Max of dh2, dJ2: 0.263994 0.306605

iteration 101
Number of threads allocated = 1
Avg. energy: -63.009
RMS of dh1, dJ1: 0.000237648 0.0361194
Max of dh1, dJ1: 0.0012898 0.0670809
RMS of dh2, dJ2: 0.0148886 0.036291
Max of dh2, dJ2: 0.188753 0.240026

iteration 102
Number of threads allocated = 1
Avg. energy: -67.1731
RMS of dh1, dJ1: 0.00017706 0.0354004
Max of dh1, dJ1: 0.000991705 0.0657469
RMS of dh2, dJ2: 0.0236856 0.0356543
Max of dh2, dJ2: 0.333267 0.363942

iteration 103
Number of threads allocated = 1
Avg. energy: -71.7734
RMS of dh1, dJ1: 8.33798e-05 0.0346964
Max of dh1, dJ1: 0.000555358 0.0644395
RMS of dh2, dJ2: 0.0490919 0.0355591
Max of dh2, dJ2: 0.447147 0.510035

iteration 104
Number of threads allocated = 1
Avg. energy: -66.7898
RMS of dh1, dJ1: 0.000114056 0.0340066
Max of dh1, dJ1: 0.000798324 0.063158
RMS of dh2, dJ2: 0.0149835 0.0341726
Max of dh2, dJ2: 0.242229 0.291399

iteration 105
Number of threads allocated = 1
Avg. energy: -67.1092
RMS of dh1, dJ1: 9.1147e-05 0.0333302
Max of dh1, dJ1: 0.000537687 0.0619021
RMS of dh2, dJ2: 0.020204 0.033541
Max of dh2, dJ2: 0.291316 0.351889

iteration 106
Number of threads allocated = 1
Avg. energy: -62.6005
RMS of dh1, dJ1: 0.000165181 0.0326678
Max of dh1, dJ1: 0.000720483 0.0606711
RMS of dh2, dJ2: 0.0146617 0.032835
Max of dh2, dJ2: 0.223698 0.258191

iteration 107
Number of threads allocated = 1
Avg. energy: -61.3825
RMS of dh1, dJ1: 0.000191192 0.0320181
Max of dh1, dJ1: 0.00118022 0.0594646
RMS of dh2, dJ2: 0.0323957 0.0324105
Max of dh2, dJ2: 0.388486 0.411416

iteration 108
Number of threads allocated = 1
Avg. energy: -65.3784
RMS of dh1, dJ1: 0.000153537 0.0313812
Max of dh1, dJ1: 0.00094958 0.0582821
RMS of dh2, dJ2: 0.0186114 0.0316138
Max of dh2, dJ2: 0.220107 0.276781

iteration 109
Number of threads allocated = 1
Avg. energy: -64.194
RMS of dh1, dJ1: 9.77402e-05 0.030757
Max of dh1, dJ1: 0.000598422 0.057123
RMS of dh2, dJ2: 0.0307518 0.0311436
Max of dh2, dJ2: 0.36133 0.438886

iteration 110
Number of threads allocated = 1
Avg. energy: -65.3754
RMS of dh1, dJ1: 7.16542e-05 0.0301454
Max of dh1, dJ1: 0.000316602 0.0559871
RMS of dh2, dJ2: 0.0268214 0.0304984
Max of dh2, dJ2: 0.257793 0.315354

iteration 111
Number of threads allocated = 1
Avg. energy: -61.9751
RMS of dh1, dJ1: 0.000229887 0.0295465
Max of dh1, dJ1: 0.000985872 0.0548737
RMS of dh2, dJ2: 0.0139775 0.0297087
Max of dh2, dJ2: 0.147362 0.227222

iteration 112
Number of threads allocated = 1
Avg. energy: -68.8578
RMS of dh1, dJ1: 0.000163668 0.0289584
Max of dh1, dJ1: 0.000767211 0.0537825
RMS of dh2, dJ2: 0.0455433 0.029839
Max of dh2, dJ2: 0.400298 0.460992

iteration 113
Number of threads allocated = 1
Avg. energy: -66.1447
RMS of dh1, dJ1: 0.00011345 0.0283824
Max of dh1, dJ1: 0.000543472 0.052713
RMS of dh2, dJ2: 0.0613144 0.0297649
Max of dh2, dJ2: 0.548892 0.623165

iteration 114
Number of threads allocated = 1
Avg. energy: -58.0852
RMS of dh1, dJ1: 9.6096e-05 0.0278182
Max of dh1, dJ1: 0.000435514 0.0516647
RMS of dh2, dJ2: 0.01844 0.0280436
Max of dh2, dJ2: 0.188619 0.289255

iteration 115
Number of threads allocated = 1
Avg. energy: -59.8384
RMS of dh1, dJ1: 0.000111078 0.027265
Max of dh1, dJ1: 0.000605429 0.0505931
RMS of dh2, dJ2: 0.011483 0.0274077
Max of dh2, dJ2: 0.104502 0.207503

iteration 116
Number of threads allocated = 1
Avg. energy: -60.7421
RMS of dh1, dJ1: 0.000143118 0.0267229
Max of dh1, dJ1: 0.000796619 0.0496321
RMS of dh2, dJ2: 0.0197317 0.0269552
Max of dh2, dJ2: 0.235391 0.321132

iteration 117
Number of threads allocated = 1
Avg. energy: -58.354
RMS of dh1, dJ1: 0.00010991 0.0261913
Max of dh1, dJ1: 0.000585202 0.0486453
RMS of dh2, dJ2: 0.0237686 0.026519
Max of dh2, dJ2: 0.236925 0.313154

iteration 118
Number of threads allocated = 1
Avg. energy: -65.6152
RMS of dh1, dJ1: 0.000229242 0.0256711
Max of dh1, dJ1: 0.00114106 0.0476779
RMS of dh2, dJ2: 0.0178128 0.0259041
Max of dh2, dJ2: 0.214816 0.256917

iteration 119
Number of threads allocated = 1
Avg. energy: -62.2691
RMS of dh1, dJ1: 0.000155306 0.0251601
Max of dh1, dJ1: 0.000851019 0.0467272
RMS of dh2, dJ2: 0.0180172 0.0253898
Max of dh2, dJ2: 0.202182 0.243063

iteration 120
Number of threads allocated = 1
Avg. energy: -60.56
RMS of dh1, dJ1: 0.000126165 0.0246596
Max of dh1, dJ1: 0.000532191 0.0458006
RMS of dh2, dJ2: 0.0504685 0.0257666
Max of dh2, dJ2: 0.438642 0.503475

iteration 121
Number of threads allocated = 1
Avg. energy: -65.8207
RMS of dh1, dJ1: 0.00018255 0.0241696
Max of dh1, dJ1: 0.000903485 0.0448518
RMS of dh2, dJ2: 0.0198431 0.0244545
Max of dh2, dJ2: 0.229521 0.270399

iteration 122
Number of threads allocated = 1
Avg. energy: -65.6705
RMS of dh1, dJ1: 0.000124491 0.0236886
Max of dh1, dJ1: 0.00069434 0.0439986
RMS of dh2, dJ2: 0.0190347 0.0239619
Max of dh2, dJ2: 0.230613 0.260979

iteration 123
Number of threads allocated = 1
Avg. energy: -65.7105
RMS of dh1, dJ1: 0.000104851 0.0232175
Max of dh1, dJ1: 0.000486227 0.0431238
RMS of dh2, dJ2: 0.0131128 0.0233906
Max of dh2, dJ2: 0.132952 0.202977

iteration 124
Number of threads allocated = 1
Avg. energy: -62.1049
RMS of dh1, dJ1: 8.29676e-05 0.0227558
Max of dh1, dJ1: 0.000382321 0.0422659
RMS of dh2, dJ2: 0.0179723 0.0229798
Max of dh2, dJ2: 0.207577 0.268956

iteration 125
Number of threads allocated = 1
Avg. energy: -60.3914
RMS of dh1, dJ1: 0.000148855 0.0223035
Max of dh1, dJ1: 0.000857028 0.0414257
RMS of dh2, dJ2: 0.0160536 0.0224967
Max of dh2, dJ2: 0.190346 0.256271

iteration 126
Number of threads allocated = 1
Avg. energy: -63.9576
RMS of dh1, dJ1: 0.000140376 0.02186
Max of dh1, dJ1: 0.000867722 0.0406019
RMS of dh2, dJ2: 0.0429547 0.0228913
Max of dh2, dJ2: 0.353729 0.434457

iteration 127
Number of threads allocated = 1
Avg. energy: -54.5818
RMS of dh1, dJ1: 0.000157137 0.0214254
Max of dh1, dJ1: 0.000824493 0.0397945
RMS of dh2, dJ2: 0.0224256 0.021745
Max of dh2, dJ2: 0.227247 0.34128

iteration 128
Number of threads allocated = 1
Avg. energy: -56.6819
RMS of dh1, dJ1: 0.000118178 0.0209991
Max of dh1, dJ1: 0.000448797 0.0390028
RMS of dh2, dJ2: 0.0207887 0.0212903
Max of dh2, dJ2: 0.194671 0.302711

iteration 129
Number of threads allocated = 1
Avg. energy: -57.0609
RMS of dh1, dJ1: 0.000104225 0.0205814
Max of dh1, dJ1: 0.000462547 0.0382275
RMS of dh2, dJ2: 0.0213291 0.0208812
Max of dh2, dJ2: 0.203872 0.311418

iteration 130
Number of threads allocated = 1
Avg. energy: -59.9517
RMS of dh1, dJ1: 0.000178662 0.0201724
Max of dh1, dJ1: 0.00118363 0.0374673
RMS of dh2, dJ2: 0.0158368 0.0204096
Max of dh2, dJ2: 0.166614 0.248084

iteration 131
Number of threads allocated = 1
Avg. energy: -50.8359
RMS of dh1, dJ1: 0.000209568 0.0197715
Max of dh1, dJ1: 0.00094347 0.0367223
RMS of dh2, dJ2: 0.0299964 0.0203096
Max of dh2, dJ2: 0.271166 0.378005

iteration 132
Number of threads allocated = 1
Avg. energy: -64.9559
RMS of dh1, dJ1: 0.00013429 0.0193779
Max of dh1, dJ1: 0.000820335 0.0359916
RMS of dh2, dJ2: 0.0392329 0.0203599
Max of dh2, dJ2: 0.308525 0.383925

iteration 133
Number of threads allocated = 1
Avg. energy: -56.6852
RMS of dh1, dJ1: 0.000207454 0.0189929
Max of dh1, dJ1: 0.00113636 0.0352762
RMS of dh2, dJ2: 0.0152688 0.0191855
Max of dh2, dJ2: 0.164578 0.260586

iteration 134
Number of threads allocated = 1
Avg. energy: -61.7307
RMS of dh1, dJ1: 0.000142524 0.0186149
Max of dh1, dJ1: 0.000841391 0.034573
RMS of dh2, dJ2: 0.0368618 0.0194939
Max of dh2, dJ2: 0.317102 0.371016

iteration 135
Number of threads allocated = 1
Avg. energy: -60.9778
RMS of dh1, dJ1: 0.000125987 0.0182447
Max of dh1, dJ1: 0.000438575 0.0338872
RMS of dh2, dJ2: 0.0317355 0.0188726
Max of dh2, dJ2: 0.275562 0.339995

iteration 136
Number of threads allocated = 1
Avg. energy: -60.5029
RMS of dh1, dJ1: 0.000122551 0.0178817
Max of dh1, dJ1: 0.000457231 0.0332133
RMS of dh2, dJ2: 0.0430889 0.0190074
Max of dh2, dJ2: 0.376188 0.417293

iteration 137
Number of threads allocated = 1
Avg. energy: -59.8744
RMS of dh1, dJ1: 0.000101542 0.0175262
Max of dh1, dJ1: 0.000382579 0.0325529
RMS of dh2, dJ2: 0.0182871 0.0177937
Max of dh2, dJ2: 0.196184 0.250731

iteration 138
Number of threads allocated = 1
Avg. energy: -67.5871
RMS of dh1, dJ1: 0.000100424 0.0171775
Max of dh1, dJ1: 0.000319261 0.0319055
RMS of dh2, dJ2: 0.0223431 0.0176616
Max of dh2, dJ2: 0.218861 0.278121

iteration 139
Number of threads allocated = 1
Avg. energy: -63.2361
RMS of dh1, dJ1: 7.87352e-05 0.016836
Max of dh1, dJ1: 0.000195567 0.031271
RMS of dh2, dJ2: 0.0131209 0.0170406
Max of dh2, dJ2: 0.140998 0.172006

iteration 140
Number of threads allocated = 1
Avg. energy: -56.0015
RMS of dh1, dJ1: 0.000143716 0.0165014
Max of dh1, dJ1: 0.000699791 0.0306492
RMS of dh2, dJ2: 0.0158837 0.0167569
Max of dh2, dJ2: 0.142829 0.255367

iteration 141
Number of threads allocated = 1
Avg. energy: -56.6037
RMS of dh1, dJ1: 0.000146244 0.0161734
Max of dh1, dJ1: 0.000727516 0.0300397
RMS of dh2, dJ2: 0.0486726 0.0176644
Max of dh2, dJ2: 0.385455 0.472825

iteration 142
Number of threads allocated = 1
Avg. energy: -57.7885
RMS of dh1, dJ1: 0.000110339 0.0158514
Max of dh1, dJ1: 0.000479322 0.0294423
RMS of dh2, dJ2: 0.0344902 0.0167257
Max of dh2, dJ2: 0.277789 0.353278

iteration 143
Number of threads allocated = 1
Avg. energy: -58.0371
RMS of dh1, dJ1: 0.000125521 0.0155364
Max of dh1, dJ1: 0.000829175 0.0288568
RMS of dh2, dJ2: 0.0110312 0.0157173
Max of dh2, dJ2: 0.125451 0.161061

iteration 144
Number of threads allocated = 1
Avg. energy: -51.8501
RMS of dh1, dJ1: 0.000140065 0.0152275
Max of dh1, dJ1: 0.000658296 0.0282765
RMS of dh2, dJ2: 0.0219664 0.0156445
Max of dh2, dJ2: 0.208366 0.306449

iteration 145
Number of threads allocated = 1
Avg. energy: -51.4699
RMS of dh1, dJ1: 0.000275187 0.0149251
Max of dh1, dJ1: 0.00107975 0.0277192
RMS of dh2, dJ2: 0.0128079 0.015131
Max of dh2, dJ2: 0.154007 0.239549

iteration 146
Number of threads allocated = 1
Avg. energy: -60.2441
RMS of dh1, dJ1: 0.000149906 0.0146277
Max of dh1, dJ1: 0.000687141 0.027143
RMS of dh2, dJ2: 0.0117202 0.014835
Max of dh2, dJ2: 0.133733 0.187615

iteration 147
Number of threads allocated = 1
Avg. energy: -63.3638
RMS of dh1, dJ1: 0.000124963 0.0143367
Max of dh1, dJ1: 0.000454864 0.0266303
RMS of dh2, dJ2: 0.0214202 0.0148421
Max of dh2, dJ2: 0.214254 0.265063

iteration 148
Number of threads allocated = 1
Avg. energy: -57.5239
RMS of dh1, dJ1: 0.000113355 0.0140518
Max of dh1, dJ1: 0.000588129 0.0261014
RMS of dh2, dJ2: 0.0271063 0.0146658
Max of dh2, dJ2: 0.252784 0.299454

iteration 149
Number of threads allocated = 1
Avg. energy: -50.6352
RMS of dh1, dJ1: 0.000284789 0.0137729
Max of dh1, dJ1: 0.00107849 0.0255793
RMS of dh2, dJ2: 0.0339895 0.0147121
Max of dh2, dJ2: 0.261607 0.393148

iteration 150
Number of threads allocated = 1
Avg. energy: -56.6413
RMS of dh1, dJ1: 0.000147677 0.0134985
Max of dh1, dJ1: 0.000762792 0.0250736
RMS of dh2, dJ2: 0.0378198 0.0146433
Max of dh2, dJ2: 0.324298 0.37571

iteration 151
Number of threads allocated = 1
Avg. energy: -63.1167
RMS of dh1, dJ1: 0.000167857 0.0132303
Max of dh1, dJ1: 0.000604373 0.0245516
RMS of dh2, dJ2: 0.0385386 0.0145832
Max of dh2, dJ2: 0.300086 0.370228

iteration 152
Number of threads allocated = 1
Avg. energy: -56.9151
RMS of dh1, dJ1: 0.000147882 0.012967
Max of dh1, dJ1: 0.000722919 0.0240874
RMS of dh2, dJ2: 0.00989165 0.013169
Max of dh2, dJ2: 0.114893 0.143626

iteration 153
Number of threads allocated = 1
Avg. energy: -53.8871
RMS of dh1, dJ1: 0.000175091 0.0127093
Max of dh1, dJ1: 0.000718519 0.0236086
RMS of dh2, dJ2: 0.0168508 0.0130649
Max of dh2, dJ2: 0.164873 0.251453

iteration 154
Number of threads allocated = 1
Avg. energy: -57.028
RMS of dh1, dJ1: 0.000145678 0.0124565
Max of dh1, dJ1: 0.00069985 0.0231206
RMS of dh2, dJ2: 0.0270332 0.0131502
Max of dh2, dJ2: 0.227319 0.30492

iteration 155
Number of threads allocated = 1
Avg. energy: -55.506
RMS of dh1, dJ1: 0.00011448 0.0122086
Max of dh1, dJ1: 0.000400006 0.0226793
RMS of dh2, dJ2: 0.0168657 0.0125505
Max of dh2, dJ2: 0.160907 0.229175

iteration 156
Number of threads allocated = 1
Avg. energy: -51.1495
RMS of dh1, dJ1: 0.000119954 0.0119659
Max of dh1, dJ1: 0.00048136 0.0222281
RMS of dh2, dJ2: 0.0147325 0.012273
Max of dh2, dJ2: 0.14282 0.227991

iteration 157
Number of threads allocated = 1
Avg. energy: -58.5966
RMS of dh1, dJ1: 0.000117288 0.0117278
Max of dh1, dJ1: 0.000467214 0.0217863
RMS of dh2, dJ2: 0.0202459 0.0122696
Max of dh2, dJ2: 0.193073 0.239206

iteration 158
Number of threads allocated = 1
Avg. energy: -58.7971
RMS of dh1, dJ1: 0.000115548 0.0114946
Max of dh1, dJ1: 0.000569803 0.0213531
RMS of dh2, dJ2: 0.0190966 0.0119941
Max of dh2, dJ2: 0.189418 0.2369

iteration 159
Number of threads allocated = 1
Avg. energy: -52.8595
RMS of dh1, dJ1: 0.000170047 0.0112663
Max of dh1, dJ1: 0.00098829 0.0209284
RMS of dh2, dJ2: 0.0184956 0.0116754
Max of dh2, dJ2: 0.190016 0.26189

iteration 160
Number of threads allocated = 1
Avg. energy: -55.1395
RMS of dh1, dJ1: 0.000124729 0.0110421
Max of dh1, dJ1: 0.000757449 0.0205081
RMS of dh2, dJ2: 0.0134947 0.0113672
Max of dh2, dJ2: 0.149304 0.210346

iteration 161
Number of threads allocated = 1
Avg. energy: -57.3832
RMS of dh1, dJ1: 0.000119919 0.0108224
Max of dh1, dJ1: 0.000417807 0.0201043
RMS of dh2, dJ2: 0.0472838 0.0128952
Max of dh2, dJ2: 0.398923 0.431048

iteration 162
Number of threads allocated = 1
Avg. energy: -57.1998
RMS of dh1, dJ1: 0.000135425 0.0106073
Max of dh1, dJ1: 0.000619686 0.0197046
RMS of dh2, dJ2: 0.0135381 0.0109082
Max of dh2, dJ2: 0.14761 0.203866

iteration 163
Number of threads allocated = 1
Avg. energy: -65.6996
RMS of dh1, dJ1: 0.000115336 0.0103963
Max of dh1, dJ1: 0.000426632 0.0193127
RMS of dh2, dJ2: 0.0395054 0.012234
Max of dh2, dJ2: 0.315396 0.377043

iteration 164
Number of threads allocated = 1
Avg. energy: -58.5307
RMS of dh1, dJ1: 0.000211667 0.0101898
Max of dh1, dJ1: 0.00123191 0.0189287
RMS of dh2, dJ2: 0.0345006 0.0115309
Max of dh2, dJ2: 0.294725 0.340951

iteration 165
Number of threads allocated = 1
Avg. energy: -52.9583
RMS of dh1, dJ1: 0.000325017 0.00998746
Max of dh1, dJ1: 0.00108528 0.0185333
RMS of dh2, dJ2: 0.0102815 0.0102376
Max of dh2, dJ2: 0.104449 0.160694

iteration 166
Number of threads allocated = 1
Avg. energy: -55.4746
RMS of dh1, dJ1: 0.00016059 0.00978848
Max of dh1, dJ1: 0.000653542 0.0181842
RMS of dh2, dJ2: 0.0094669 0.0100415
Max of dh2, dJ2: 0.0783136 0.132128

iteration 167
Number of threads allocated = 1
Avg. energy: -53.4818
RMS of dh1, dJ1: 0.000142594 0.00959379
Max of dh1, dJ1: 0.000650904 0.0178227
RMS of dh2, dJ2: 0.00971131 0.00984664
Max of dh2, dJ2: 0.0783253 0.167645

iteration 168
Number of threads allocated = 1
Avg. energy: -61.9886
RMS of dh1, dJ1: 0.000138391 0.00940276
Max of dh1, dJ1: 0.000587927 0.0174683
RMS of dh2, dJ2: 0.0127028 0.00976207
Max of dh2, dJ2: 0.131151 0.19499

iteration 169
Number of threads allocated = 1
Avg. energy: -53.3852
RMS of dh1, dJ1: 0.0001635 0.00921612
Max of dh1, dJ1: 0.000604692 0.0170992
RMS of dh2, dJ2: 0.0153699 0.00960195
Max of dh2, dJ2: 0.153243 0.193767

iteration 170
Number of threads allocated = 1
Avg. energy: -59.1076
RMS of dh1, dJ1: 0.000159306 0.00903277
Max of dh1, dJ1: 0.000689145 0.0167821
RMS of dh2, dJ2: 0.0150958 0.00942439
Max of dh2, dJ2: 0.176453 0.206716

iteration 171
Number of threads allocated = 1
Avg. energy: -53.8317
RMS of dh1, dJ1: 0.000154454 0.00885316
Max of dh1, dJ1: 0.000590826 0.0164486
RMS of dh2, dJ2: 0.0106497 0.00912518
Max of dh2, dJ2: 0.106454 0.146982

iteration 172
Number of threads allocated = 1
Avg. energy: -60.8229
RMS of dh1, dJ1: 0.000174579 0.00867718
Max of dh1, dJ1: 0.000732701 0.0161211
RMS of dh2, dJ2: 0.0347029 0.010297
Max of dh2, dJ2: 0.271303 0.327203

iteration 173
Number of threads allocated = 1
Avg. energy: -50.8611
RMS of dh1, dJ1: 0.000204861 0.00850465
Max of dh1, dJ1: 0.000742401 0.0157857
RMS of dh2, dJ2: 0.0329766 0.00983291
Max of dh2, dJ2: 0.2645 0.32581

iteration 174
Number of threads allocated = 1
Avg. energy: -55.4654
RMS of dh1, dJ1: 0.00013255 0.00833536
Max of dh1, dJ1: 0.000512494 0.015487
RMS of dh2, dJ2: 0.0170735 0.00891541
Max of dh2, dJ2: 0.18898 0.222403

iteration 175
Number of threads allocated = 1
Avg. energy: -55.4213
RMS of dh1, dJ1: 0.000140767 0.00816935
Max of dh1, dJ1: 0.000381026 0.0151787
RMS of dh2, dJ2: 0.0268403 0.00922713
Max of dh2, dJ2: 0.239474 0.276359

iteration 176
Number of threads allocated = 1
Avg. energy: -48.9566
RMS of dh1, dJ1: 0.000265632 0.00800744
Max of dh1, dJ1: 0.000810783 0.0148731
RMS of dh2, dJ2: 0.012583 0.00836969
Max of dh2, dJ2: 0.116607 0.213567

iteration 177
Number of threads allocated = 1
Avg. energy: -56.0876
RMS of dh1, dJ1: 0.000186851 0.007848
Max of dh1, dJ1: 0.000772846 0.0145795
RMS of dh2, dJ2: 0.0307926 0.00910346
Max of dh2, dJ2: 0.253796 0.279922

iteration 178
Number of threads allocated = 1
Avg. energy: -49.3654
RMS of dh1, dJ1: 0.000168849 0.00769193
Max of dh1, dJ1: 0.00074678 0.0142915
RMS of dh2, dJ2: 0.0146434 0.00816194
Max of dh2, dJ2: 0.133788 0.234904

iteration 179
Number of threads allocated = 1
Avg. energy: -62.1482
RMS of dh1, dJ1: 0.000150515 0.00753867
Max of dh1, dJ1: 0.000507626 0.0139996
RMS of dh2, dJ2: 0.0391593 0.00978665
Max of dh2, dJ2: 0.309749 0.365312

iteration 180
Number of threads allocated = 1
Avg. energy: -51.6228
RMS of dh1, dJ1: 0.000168605 0.00738904
Max of dh1, dJ1: 0.000627631 0.0137287
RMS of dh2, dJ2: 0.0231993 0.00827827
Max of dh2, dJ2: 0.208885 0.259286

iteration 181
Number of threads allocated = 1
Avg. energy: -53.4557
RMS of dh1, dJ1: 0.000121328 0.00724187
Max of dh1, dJ1: 0.000414999 0.0134558
RMS of dh2, dJ2: 0.0250693 0.00824475
Max of dh2, dJ2: 0.235142 0.250818

iteration 182
Number of threads allocated = 1
Avg. energy: -50.5114
RMS of dh1, dJ1: 0.000274966 0.00709833
Max of dh1, dJ1: 0.000938526 0.0131883
RMS of dh2, dJ2: 0.0106256 0.0074492
Max of dh2, dJ2: 0.0927002 0.173116

iteration 183
Number of threads allocated = 1
Avg. energy: -54.8311
RMS of dh1, dJ1: 0.000187832 0.006957
Max of dh1, dJ1: 0.00090419 0.012926
RMS of dh2, dJ2: 0.0283146 0.00819784
Max of dh2, dJ2: 0.24575 0.279807

iteration 184
Number of threads allocated = 1
Avg. energy: -46.8018
RMS of dh1, dJ1: 0.000321121 0.00681891
Max of dh1, dJ1: 0.00110258 0.012669
RMS of dh2, dJ2: 0.0125368 0.00726595
Max of dh2, dJ2: 0.100231 0.20081

iteration 185
Number of threads allocated = 1
Avg. energy: -52.6557
RMS of dh1, dJ1: 0.000181247 0.00668302
Max of dh1, dJ1: 0.00075376 0.0123861
RMS of dh2, dJ2: 0.0143735 0.00713051
Max of dh2, dJ2: 0.137207 0.196703

iteration 186
Number of threads allocated = 1
Avg. energy: -56.4263
RMS of dh1, dJ1: 0.000251995 0.00655022
Max of dh1, dJ1: 0.0007665 0.012171
RMS of dh2, dJ2: 0.0360177 0.00868842
Max of dh2, dJ2: 0.281208 0.350817

iteration 187
Number of threads allocated = 1
Avg. energy: -57.7786
RMS of dh1, dJ1: 0.00013272 0.00641968
Max of dh1, dJ1: 0.000686337 0.011927
RMS of dh2, dJ2: 0.0165091 0.00712163
Max of dh2, dJ2: 0.176613 0.217303
Std. errors: 0.0535672 0.00800635
Model difference is within sampling error. Increasing sampling...
MC steps per iteration: 20000

iteration 188
Number of threads allocated = 1
Avg. energy: -57.4635
RMS of dh1, dJ1: 0.000139975 0.00629189
Max of dh1, dJ1: 0.000526125 0.0116914
RMS of dh2, dJ2: 0.0103155 0.00665007
Max of dh2, dJ2: 0.120073 0.135315

iteration 189
Number of threads allocated = 1
Avg. energy: -55.8455
RMS of dh1, dJ1: 0.00016244 0.00616707
Max of dh1, dJ1: 0.000569463 0.0114483
RMS of dh2, dJ2: 0.0166798 0.00685991
Max of dh2, dJ2: 0.157769 0.206102

iteration 190
Number of threads allocated = 1
Avg. energy: -54.6937
RMS of dh1, dJ1: 0.000157206 0.00604442
Max of dh1, dJ1: 0.000532809 0.011232
RMS of dh2, dJ2: 0.00878907 0.00636764
Max of dh2, dJ2: 0.0959791 0.126219
Std. errors: 0.0474363 0.0070918
Model difference is within sampling error. Increasing sampling...
MC steps per iteration: 40000

iteration 191
Number of threads allocated = 1
Avg. energy: -51.7395
RMS of dh1, dJ1: 0.000132208 0.0059242
Max of dh1, dJ1: 0.000384029 0.0110087
RMS of dh2, dJ2: 0.0154279 0.00646786
Max of dh2, dJ2: 0.167805 0.215716

iteration 192
Number of threads allocated = 1
Avg. energy: -55.2104
RMS of dh1, dJ1: 8.53044e-05 0.00580627
Max of dh1, dJ1: 0.000310694 0.0107898
RMS of dh2, dJ2: 0.0091754 0.00615383
Max of dh2, dJ2: 0.100516 0.136244

iteration 193
Number of threads allocated = 1
Avg. energy: -55.6583
RMS of dh1, dJ1: 8.60366e-05 0.00569082
Max of dh1, dJ1: 0.000326254 0.0105727
RMS of dh2, dJ2: 0.00906413 0.00606416
Max of dh2, dJ2: 0.101092 0.134951

iteration 194
Number of threads allocated = 1
Avg. energy: -55.5908
RMS of dh1, dJ1: 8.45451e-05 0.00557756
Max of dh1, dJ1: 0.00024873 0.010363
RMS of dh2, dJ2: 0.0287025 0.00705559
Max of dh2, dJ2: 0.248673 0.274462

iteration 195
Number of threads allocated = 1
Avg. energy: -57.4331
RMS of dh1, dJ1: 9.497e-05 0.00546677
Max of dh1, dJ1: 0.000326916 0.0101546
RMS of dh2, dJ2: 0.0191644 0.00639223
Max of dh2, dJ2: 0.174614 0.21502

iteration 196
Number of threads allocated = 1
Avg. energy: -54.2648
RMS of dh1, dJ1: 9.46131e-05 0.00535809
Max of dh1, dJ1: 0.000331312 0.00994907
RMS of dh2, dJ2: 0.0159976 0.00599438
Max of dh2, dJ2: 0.162976 0.202942

iteration 197
Number of threads allocated = 1
Avg. energy: -56.7998
RMS of dh1, dJ1: 0.000108164 0.00525151
Max of dh1, dJ1: 0.000402088 0.00975894
RMS of dh2, dJ2: 0.0191092 0.00620917
Max of dh2, dJ2: 0.165812 0.209731

iteration 198
Number of threads allocated = 1
Avg. energy: -58.3082
RMS of dh1, dJ1: 7.81741e-05 0.00514702
Max of dh1, dJ1: 0.000228701 0.0095646
RMS of dh2, dJ2: 0.0148158 0.00586842
Max of dh2, dJ2: 0.147605 0.18506

iteration 199
Number of threads allocated = 1
Avg. energy: -55.9974
RMS of dh1, dJ1: 7.18909e-05 0.00504463
Max of dh1, dJ1: 0.000252069 0.00936596
RMS of dh2, dJ2: 0.00906626 0.00543901
Max of dh2, dJ2: 0.0946879 0.13523

iteration 200
Number of threads allocated = 1
Avg. energy: -57.6834
RMS of dh1, dJ1: 7.99257e-05 0.00494435
Max of dh1, dJ1: 0.000271099 0.00918843
RMS of dh2, dJ2: 0.0122454 0.00544651
Max of dh2, dJ2: 0.136306 0.161056

iteration 201
Number of threads allocated = 1
Avg. energy: -54.5958
RMS of dh1, dJ1: 0.000174325 0.0048462
Max of dh1, dJ1: 0.000436304 0.00900043
RMS of dh2, dJ2: 0.0102865 0.00524959
Max of dh2, dJ2: 0.112367 0.145128

iteration 202
Number of threads allocated = 1
Avg. energy: -55.9916
RMS of dh1, dJ1: 0.000101459 0.00474973
Max of dh1, dJ1: 0.000361327 0.00882013
RMS of dh2, dJ2: 0.00849277 0.00511798
Max of dh2, dJ2: 0.0982096 0.120485

iteration 203
Number of threads allocated = 1
Avg. energy: -49.8291
RMS of dh1, dJ1: 0.000151564 0.00465538
Max of dh1, dJ1: 0.000450329 0.00863287
RMS of dh2, dJ2: 0.00858683 0.00503302
Max of dh2, dJ2: 0.0800636 0.14206

iteration 204
Number of threads allocated = 1
Avg. energy: -54.7204
RMS of dh1, dJ1: 8.16791e-05 0.00456263
Max of dh1, dJ1: 0.000297941 0.00847234
RMS of dh2, dJ2: 0.0155517 0.00531987
Max of dh2, dJ2: 0.142778 0.172484

iteration 205
Number of threads allocated = 1
Avg. energy: -52.868
RMS of dh1, dJ1: 0.000152834 0.00447206
Max of dh1, dJ1: 0.000475282 0.00830613
RMS of dh2, dJ2: 0.0272539 0.00608107
Max of dh2, dJ2: 0.236438 0.252979

iteration 206
Number of threads allocated = 1
Avg. energy: -55.225
RMS of dh1, dJ1: 8.00876e-05 0.00438296
Max of dh1, dJ1: 0.000341481 0.00814675
RMS of dh2, dJ2: 0.00907061 0.00478701
Max of dh2, dJ2: 0.100561 0.134525
Std. errors: 0.0340965 0.00511527
Model difference is within sampling error. Increasing sampling...
MC steps per iteration: 80000

iteration 207
Number of threads allocated = 1
Avg. energy: -52.1678
RMS of dh1, dJ1: 0.000140579 0.00429592
Max of dh1, dJ1: 0.000312218 0.00798168
RMS of dh2, dJ2: 0.0070763 0.00461707
Max of dh2, dJ2: 0.0641715 0.11501

iteration 208
Number of threads allocated = 1
Avg. energy: -56.3303
RMS of dh1, dJ1: 6.69652e-05 0.00421035
Max of dh1, dJ1: 0.00021836 0.00781677
RMS of dh2, dJ2: 0.01274 0.00484618
Max of dh2, dJ2: 0.128927 0.167268

iteration 209
Number of threads allocated = 1
Avg. energy: -53.4004
RMS of dh1, dJ1: 6.44619e-05 0.00412666
Max of dh1, dJ1: 0.000258762 0.00766923
RMS of dh2, dJ2: 0.0146499 0.00479965
Max of dh2, dJ2: 0.154443 0.173372

iteration 210
Number of threads allocated = 1
Avg. energy: -57.5272
RMS of dh1, dJ1: 6.64666e-05 0.00404461
Max of dh1, dJ1: 0.000238117 0.00750604
RMS of dh2, dJ2: 0.023635 0.00558211
Max of dh2, dJ2: 0.199918 0.241671

iteration 211
Number of threads allocated = 1
Avg. energy: -52.551
RMS of dh1, dJ1: 6.65916e-05 0.00396416
Max of dh1, dJ1: 0.000241245 0.00735561
RMS of dh2, dJ2: 0.0146724 0.00463426
Max of dh2, dJ2: 0.152584 0.171761

iteration 212
Number of threads allocated = 1
Avg. energy: -53.7118
RMS of dh1, dJ1: 7.13049e-05 0.00388533
Max of dh1, dJ1: 0.0002234 0.00720872
RMS of dh2, dJ2: 0.00712146 0.00421182
Max of dh2, dJ2: 0.0768079 0.100281

iteration 213
Number of threads allocated = 1
Avg. energy: -49.605
RMS of dh1, dJ1: 0.000134298 0.0038082
Max of dh1, dJ1: 0.00035588 0.00706544
RMS of dh2, dJ2: 0.00913519 0.0042154
Max of dh2, dJ2: 0.0891836 0.147362

iteration 214
Number of threads allocated = 1
Avg. energy: -53.2492
RMS of dh1, dJ1: 7.54124e-05 0.00373237
Max of dh1, dJ1: 0.000255214 0.00693237
RMS of dh2, dJ2: 0.00954328 0.00418582
Max of dh2, dJ2: 0.100993 0.135191

iteration 215
Number of threads allocated = 1
Avg. energy: -53.8077
RMS of dh1, dJ1: 6.09071e-05 0.00365809
Max of dh1, dJ1: 0.000242132 0.00680238
RMS of dh2, dJ2: 0.00725974 0.00399681
Max of dh2, dJ2: 0.0769302 0.09389

iteration 216
Number of threads allocated = 1
Avg. energy: -52.2612
RMS of dh1, dJ1: 9.10283e-05 0.0035854
Max of dh1, dJ1: 0.000303172 0.00665826
RMS of dh2, dJ2: 0.0161704 0.00440827
Max of dh2, dJ2: 0.155324 0.178607

iteration 217
Number of threads allocated = 1
Avg. energy: -54.2439
RMS of dh1, dJ1: 8.50192e-05 0.00351413
Max of dh1, dJ1: 0.000230135 0.00653453
RMS of dh2, dJ2: 0.0155349 0.00440896
Max of dh2, dJ2: 0.136355 0.167878

iteration 218
Number of threads allocated = 1
Avg. energy: -52.6863
RMS of dh1, dJ1: 0.000119215 0.00344426
Max of dh1, dJ1: 0.000306196 0.00638837
RMS of dh2, dJ2: 0.00763417 0.00379121
Max of dh2, dJ2: 0.0928741 0.114358

iteration 219
Number of threads allocated = 1
Avg. energy: -54.0966
RMS of dh1, dJ1: 8.2634e-05 0.00337573
Max of dh1, dJ1: 0.000277841 0.00627149
RMS of dh2, dJ2: 0.0111935 0.00389573
Max of dh2, dJ2: 0.124758 0.137049

iteration 220
Number of threads allocated = 1
Avg. energy: -54.1486
RMS of dh1, dJ1: 8.23595e-05 0.00330861
Max of dh1, dJ1: 0.000281872 0.00614123
RMS of dh2, dJ2: 0.0067783 0.00366386
Max of dh2, dJ2: 0.0693221 0.0926225

iteration 221
Number of threads allocated = 1
Avg. energy: -52.4364
RMS of dh1, dJ1: 0.000154694 0.00324291
Max of dh1, dJ1: 0.000380078 0.006021
RMS of dh2, dJ2: 0.00718775 0.00361523
Max of dh2, dJ2: 0.0692869 0.109257
Std. errors: 0.0246141 0.00367469
Model difference is within sampling error. Increasing sampling...
MC steps per iteration: 160000

iteration 222
Number of threads allocated = 1
Avg. energy: -53.8586
RMS of dh1, dJ1: 7.68058e-05 0.00317836
Max of dh1, dJ1: 0.000243265 0.00589184
RMS of dh2, dJ2: 0.00929865 0.00366554
Max of dh2, dJ2: 0.0949816 0.11961

iteration 223
Number of threads allocated = 1
Avg. energy: -53.4655
RMS of dh1, dJ1: 6.72701e-05 0.00311511
Max of dh1, dJ1: 0.000218227 0.00577912
RMS of dh2, dJ2: 0.00658887 0.00343994
Max of dh2, dJ2: 0.0649148 0.0936145

iteration 224
Number of threads allocated = 1
Avg. energy: -52.9755
RMS of dh1, dJ1: 9.28016e-05 0.00305323
Max of dh1, dJ1: 0.000244505 0.00566455
RMS of dh2, dJ2: 0.00661018 0.00336839
Max of dh2, dJ2: 0.0608783 0.100283

iteration 225
Number of threads allocated = 1
Avg. energy: -53.0075
RMS of dh1, dJ1: 6.93952e-05 0.00299248
Max of dh1, dJ1: 0.000217114 0.005545
RMS of dh2, dJ2: 0.00701537 0.00333604
Max of dh2, dJ2: 0.0684464 0.0958117

iteration 226
Number of threads allocated = 1
Avg. energy: -52.9162
RMS of dh1, dJ1: 6.061e-05 0.0029329
Max of dh1, dJ1: 0.00021199 0.00544872
RMS of dh2, dJ2: 0.00906976 0.00338197
Max of dh2, dJ2: 0.0971194 0.124996

iteration 227
Number of threads allocated = 1
Avg. energy: -53.6431
RMS of dh1, dJ1: 0.000142898 0.00287475
Max of dh1, dJ1: 0.000310154 0.00532549
RMS of dh2, dJ2: 0.0165013 0.00392142
Max of dh2, dJ2: 0.12867 0.168806

iteration 228
Number of threads allocated = 1
Avg. energy: -53.5823
RMS of dh1, dJ1: 6.78254e-05 0.00281741
Max of dh1, dJ1: 0.000274344 0.00522546
RMS of dh2, dJ2: 0.0267173 0.00487122
Max of dh2, dJ2: 0.224394 0.239768

iteration 229
Number of threads allocated = 1
Avg. energy: -55.6936
RMS of dh1, dJ1: 5.66357e-05 0.00276137
Max of dh1, dJ1: 0.000191674 0.0051268
RMS of dh2, dJ2: 0.0226206 0.00444791
Max of dh2, dJ2: 0.175582 0.201076

iteration 230
Number of threads allocated = 1
Avg. energy: -50.5058
RMS of dh1, dJ1: 0.000102733 0.00270659
Max of dh1, dJ1: 0.000278043 0.00502993
RMS of dh2, dJ2: 0.00608973 0.00303758
Max of dh2, dJ2: 0.046235 0.106798

iteration 231
Number of threads allocated = 1
Avg. energy: -50.7609
RMS of dh1, dJ1: 9.53149e-05 0.00265275
Max of dh1, dJ1: 0.000268914 0.00492581
RMS of dh2, dJ2: 0.00931077 0.00317869
Max of dh2, dJ2: 0.0763183 0.136719

iteration 232
Number of threads allocated = 1
Avg. energy: -52.1433
RMS of dh1, dJ1: 7.65235e-05 0.00260001
Max of dh1, dJ1: 0.000227259 0.00482732
RMS of dh2, dJ2: 0.010836 0.003188
Max of dh2, dJ2: 0.0974619 0.135966

iteration 233
Number of threads allocated = 1
Avg. energy: -52.8563
RMS of dh1, dJ1: 5.49915e-05 0.0025482
Max of dh1, dJ1: 0.000212272 0.00473128
RMS of dh2, dJ2: 0.0107645 0.00318984
Max of dh2, dJ2: 0.0919562 0.13733

iteration 234
Number of threads allocated = 1
Avg. energy: -51.7922
RMS of dh1, dJ1: 4.72939e-05 0.00249755
Max of dh1, dJ1: 0.000166894 0.00463843
RMS of dh2, dJ2: 0.0115319 0.00319636
Max of dh2, dJ2: 0.101405 0.147065

iteration 235
Number of threads allocated = 1
Avg. energy: -54.3815
RMS of dh1, dJ1: 4.85101e-05 0.0024479
Max of dh1, dJ1: 0.00014651 0.00454236
RMS of dh2, dJ2: 0.00621045 0.00281578
Max of dh2, dJ2: 0.0673286 0.0891691

iteration 236
Number of threads allocated = 1
Avg. energy: -54.5294
RMS of dh1, dJ1: 6.89958e-05 0.00239915
Max of dh1, dJ1: 0.000200164 0.00445629
RMS of dh2, dJ2: 0.00513613 0.00272969
Max of dh2, dJ2: 0.0490122 0.0784392

iteration 237
Number of threads allocated = 1
Avg. energy: -54.4203
RMS of dh1, dJ1: 7.64334e-05 0.00235143
Max of dh1, dJ1: 0.000179871 0.00435621
RMS of dh2, dJ2: 0.00723899 0.00280378
Max of dh2, dJ2: 0.0744849 0.113002

iteration 238
Number of threads allocated = 1
Avg. energy: -56.7825
RMS of dh1, dJ1: 7.10654e-05 0.00230464
Max of dh1, dJ1: 0.000161129 0.00428222
RMS of dh2, dJ2: 0.0119251 0.00312957
Max of dh2, dJ2: 0.114983 0.135009

iteration 239
Number of threads allocated = 1
Avg. energy: -54.326
RMS of dh1, dJ1: 6.32853e-05 0.00225891
Max of dh1, dJ1: 0.000210116 0.00419563
RMS of dh2, dJ2: 0.00572196 0.00261605
Max of dh2, dJ2: 0.0635289 0.0860401

iteration 240
Number of threads allocated = 1
Avg. energy: -54.4643
RMS of dh1, dJ1: 6.38791e-05 0.0022139
Max of dh1, dJ1: 0.00023852 0.00411276
RMS of dh2, dJ2: 0.00655328 0.00262536
Max of dh2, dJ2: 0.0612014 0.102909

iteration 241
Number of threads allocated = 1
Avg. energy: -52.1022
RMS of dh1, dJ1: 8.15268e-05 0.00217001
Max of dh1, dJ1: 0.000202583 0.00402678
RMS of dh2, dJ2: 0.00768531 0.00264186
Max of dh2, dJ2: 0.0591254 0.105178

iteration 242
Number of threads allocated = 1
Avg. energy: -52.9894
RMS of dh1, dJ1: 7.32706e-05 0.00212683
Max of dh1, dJ1: 0.000199632 0.00395028
RMS of dh2, dJ2: 0.0110577 0.00281343
Max of dh2, dJ2: 0.0957023 0.132713
Std. errors: 0.0200329 0.00298048
Model difference is within sampling error. Increasing sampling...
MC steps per iteration: 320000

iteration 243
Number of threads allocated = 1
Avg. energy: -52.8714
RMS of dh1, dJ1: 3.82277e-05 0.00208449
Max of dh1, dJ1: 0.000180281 0.00387144
RMS of dh2, dJ2: 0.0144114 0.00312816
Max of dh2, dJ2: 0.118634 0.15609

iteration 244
Number of threads allocated = 1
Avg. energy: -53.1081
RMS of dh1, dJ1: 5.0791e-05 0.00204307
Max of dh1, dJ1: 0.000161981 0.00378975
RMS of dh2, dJ2: 0.0118632 0.00281799
Max of dh2, dJ2: 0.100512 0.134056

iteration 245
Number of threads allocated = 1
Avg. energy: -54.1909
RMS of dh1, dJ1: 5.6802e-05 0.00200237
Max of dh1, dJ1: 0.000163534 0.00372037
RMS of dh2, dJ2: 0.00542573 0.00234303
Max of dh2, dJ2: 0.0585941 0.0773151
Std. errors: 0.0158243 0.0023559
Model difference is within sampling error. Increasing sampling...
MC steps per iteration: 640000

iteration 246
Number of threads allocated = 1
Avg. energy: -52.8707
RMS of dh1, dJ1: 3.52987e-05 0.00196259
Max of dh1, dJ1: 0.000114757 0.00364053
RMS of dh2, dJ2: 0.00934208 0.00257875
Max of dh2, dJ2: 0.0795856 0.120682

iteration 247
Number of threads allocated = 1
Avg. energy: -53.619
RMS of dh1, dJ1: 2.56615e-05 0.00192356
Max of dh1, dJ1: 0.000102284 0.00357312
RMS of dh2, dJ2: 0.00587944 0.00227739
Max of dh2, dJ2: 0.0618462 0.0791583

iteration 248
Number of threads allocated = 1
Avg. energy: -53.568
RMS of dh1, dJ1: 2.75874e-05 0.00188531
Max of dh1, dJ1: 0.000106119 0.00349732
RMS of dh2, dJ2: 0.00497986 0.00220925
Max of dh2, dJ2: 0.051087 0.0739055

iteration 249
Number of threads allocated = 1
Avg. energy: -54.4015
RMS of dh1, dJ1: 3.15425e-05 0.00184779
Max of dh1, dJ1: 9.64902e-05 0.00343268
RMS of dh2, dJ2: 0.00459051 0.00217203
Max of dh2, dJ2: 0.0405906 0.0736828

iteration 250
Number of threads allocated = 1
Avg. energy: -54.0577
RMS of dh1, dJ1: 2.96158e-05 0.00181107
Max of dh1, dJ1: 0.000105431 0.00336468
RMS of dh2, dJ2: 0.00555591 0.002173
Max of dh2, dJ2: 0.0572151 0.0757683

iteration 251
Number of threads allocated = 1
Avg. energy: -53.1664
RMS of dh1, dJ1: 2.91213e-05 0.00177506
Max of dh1, dJ1: 9.54978e-05 0.00329839
RMS of dh2, dJ2: 0.00452709 0.00207479
Max of dh2, dJ2: 0.0401386 0.059479

iteration 252
Number of threads allocated = 1
Avg. energy: -52.7783
RMS of dh1, dJ1: 3.21622e-05 0.00173976
Max of dh1, dJ1: 0.00010312 0.00322805
RMS of dh2, dJ2: 0.0043804 0.00203346
Max of dh2, dJ2: 0.0378248 0.0602858

iteration 253
Number of threads allocated = 1
Avg. energy: -53.6698
RMS of dh1, dJ1: 2.4208e-05 0.00170514
Max of dh1, dJ1: 8.45428e-05 0.0031597
RMS of dh2, dJ2: 0.00470124 0.00202373
Max of dh2, dJ2: 0.0375114 0.0743223

iteration 254
Number of threads allocated = 1
Avg. energy: -53.2502
RMS of dh1, dJ1: 3.43546e-05 0.00167126
Max of dh1, dJ1: 9.93903e-05 0.00309463
RMS of dh2, dJ2: 0.00894633 0.0022592
Max of dh2, dJ2: 0.0797149 0.098565

iteration 255
Number of threads allocated = 1
Avg. energy: -52.0287
RMS of dh1, dJ1: 4.02777e-05 0.00163803
Max of dh1, dJ1: 0.000109449 0.00304021
RMS of dh2, dJ2: 0.0155004 0.00292894
Max of dh2, dJ2: 0.114844 0.149428

iteration 256
Number of threads allocated = 1
Avg. energy: -55.4338
RMS of dh1, dJ1: 2.45962e-05 0.00160543
Max of dh1, dJ1: 0.000101018 0.00297911
RMS of dh2, dJ2: 0.0188712 0.00330584
Max of dh2, dJ2: 0.148297 0.160163

iteration 257
Number of threads allocated = 1
Avg. energy: -51.3761
RMS of dh1, dJ1: 5.6206e-05 0.00157354
Max of dh1, dJ1: 0.000139273 0.00291701
RMS of dh2, dJ2: 0.0066814 0.00201338
Max of dh2, dJ2: 0.0544468 0.0901233

iteration 258
Number of threads allocated = 1
Avg. energy: -52.1042
RMS of dh1, dJ1: 3.52814e-05 0.00154223
Max of dh1, dJ1: 0.000104858 0.00286246
RMS of dh2, dJ2: 0.00697651 0.00201655
Max of dh2, dJ2: 0.0554445 0.089697

iteration 259
Number of threads allocated = 1
Avg. energy: -53.2518
RMS of dh1, dJ1: 2.59721e-05 0.00151154
Max of dh1, dJ1: 0.000105338 0.00280396
RMS of dh2, dJ2: 0.00420574 0.00179847
Max of dh2, dJ2: 0.0436749 0.0539232

iteration 260
Number of threads allocated = 1
Avg. energy: -52.2461
RMS of dh1, dJ1: 4.12106e-05 0.00148151
Max of dh1, dJ1: 0.000126521 0.00274365
RMS of dh2, dJ2: 0.00545397 0.00184945
Max of dh2, dJ2: 0.043121 0.077447

iteration 261
Number of threads allocated = 1
Avg. energy: -53.1679
RMS of dh1, dJ1: 2.86025e-05 0.00145204
Max of dh1, dJ1: 9.95804e-05 0.00269652
RMS of dh2, dJ2: 0.00375567 0.00173439
Max of dh2, dJ2: 0.0332561 0.0538545

iteration 262
Number of threads allocated = 1
Avg. energy: -53.3085
RMS of dh1, dJ1: 4.34679e-05 0.00142318
Max of dh1, dJ1: 0.000106802 0.0026407
RMS of dh2, dJ2: 0.00442289 0.00172907
Max of dh2, dJ2: 0.0468774 0.05607

iteration 263
Number of threads allocated = 1
Avg. energy: -53.3061
RMS of dh1, dJ1: 2.52395e-05 0.00139484
Max of dh1, dJ1: 0.000101907 0.0025859
RMS of dh2, dJ2: 0.00494131 0.00174711
Max of dh2, dJ2: 0.0412236 0.0716412

iteration 264
Number of threads allocated = 1
Avg. energy: -52.8116
RMS of dh1, dJ1: 3.87988e-05 0.00136713
Max of dh1, dJ1: 0.000115567 0.00253393
RMS of dh2, dJ2: 0.0083703 0.00195598
Max of dh2, dJ2: 0.0764999 0.0944174

iteration 265
Number of threads allocated = 1
Avg. energy: -52.1205
RMS of dh1, dJ1: 3.65035e-05 0.00133995
Max of dh1, dJ1: 0.000100637 0.00248894
RMS of dh2, dJ2: 0.00986654 0.00210993
Max of dh2, dJ2: 0.0681421 0.107176

iteration 266
Number of threads allocated = 1
Avg. energy: -53.9077
RMS of dh1, dJ1: 2.90535e-05 0.0013133
Max of dh1, dJ1: 9.9425e-05 0.0024334
RMS of dh2, dJ2: 0.0107799 0.00216274
Max of dh2, dJ2: 0.093215 0.103556

iteration 267
Number of threads allocated = 1
Avg. energy: -52.3689
RMS of dh1, dJ1: 3.14058e-05 0.00128717
Max of dh1, dJ1: 0.000102442 0.00238841
RMS of dh2, dJ2: 0.00800875 0.00188077
Max of dh2, dJ2: 0.0598911 0.0891867

iteration 268
Number of threads allocated = 1
Avg. energy: -52.5814
RMS of dh1, dJ1: 4.13927e-05 0.00126159
Max of dh1, dJ1: 0.000113184 0.00234002
RMS of dh2, dJ2: 0.0041052 0.00156444
Max of dh2, dJ2: 0.0379208 0.0592738

iteration 269
Number of threads allocated = 1
Avg. energy: -52.6982
RMS of dh1, dJ1: 3.74593e-05 0.00123651
Max of dh1, dJ1: 0.000106181 0.00229169
RMS of dh2, dJ2: 0.00463924 0.00157026
Max of dh2, dJ2: 0.0448091 0.0660866

iteration 270
Number of threads allocated = 1
Avg. energy: -53.8077
RMS of dh1, dJ1: 5.37464e-05 0.00121186
Max of dh1, dJ1: 0.000137526 0.00225343
RMS of dh2, dJ2: 0.00365998 0.00150464
Max of dh2, dJ2: 0.0392008 0.0483996
Converged!
RMS of dh1, dJ1, dh2, dJ2: 5.37464e-05 0.00121186 0.00365998 0.00150464
Max of |dh1|, |dJ1|, |dh2|, |dJ2|: 0.000137526 0.00225343 0.0392008 0.0483996
